Will process 5 protein accession numbers in ids.txt.
Proteome file has 92934 sequences.
Agnostic file refers to 620 proteins.
SRM Atlas file has 34764 proteins.
1: A0A0C4DGN4
 downloaded from UniProt
 no SRM Atlas entry for A0A0C4DGN4
 DRYFYFGK, downloaded from PepetideAtlas
 GMVMYTSK, downloaded from PepetideAtlas
 LGALGGNTQEVTLQPGEYITK, downloaded from PepetideAtlas
 LGDSWDVK, downloaded from PepetideAtlas
 MYGPGGGK, downloaded from PepetideAtlas
 VFVAFQAFLR, downloaded from PepetideAtlas
 VSVGLLLVK, downloaded from PepetideAtlas
 YFSTTEDYDHEITGLR, downloaded from PepetideAtlas
done
2: H3BTN5
 downloaded from UniProt
 no SRM Atlas entry for H3BTN5
 GADFLVTEVENGGSLGSK, downloaded from PepetideAtlas
 GDLGIEIPAEK, downloaded from PepetideAtlas
 GDYPLEAVR, downloaded from PepetideAtlas
 GSGTAEVELK, downloaded from PepetideAtlas
 GVNLPGAAVDLPAVSEK, downloaded from PepetideAtlas
 IENHEGVR, downloaded from PepetideAtlas
 ITLDNAYMEK, downloaded from PepetideAtlas
 LDIDSPPITAR, downloaded from PepetideAtlas
 RFDEILEASDGIMVAR, downloaded from PepetideAtlas
 VVEVGSK, downloaded from PepetideAtlas
done
3: P02533
 downloaded from UniProt
 ADLEMQIESLK, downloaded from PepetideAtlas
 ALEEANADLEVK, downloaded from PepetideAtlas
 APSTYGGGLSVSSSR, downloaded from PepetideAtlas
 ASLENSLEETK, downloaded from PepetideAtlas
 DAEEWFFTK, downloaded from PepetideAtlas
 DVTSSSR, downloaded from PepetideAtlas
 DYSPYFK, downloaded from PepetideAtlas
 EVATNSELVQSGK, downloaded from PepetideAtlas
 GQVGGDVNVEMDAAPGVDLSR, downloaded from PepetideAtlas
 GSCGIGGGIGGGSSR, downloaded from PepetideAtlas
 ILTATVDNANVLLQIDNAR, downloaded from PepetideAtlas
 IRDWYQR, downloaded from PepetideAtlas
 ISSVLAGGSCR, downloaded from PepetideAtlas
 LAADDFR, previously not found in PeptideAtlas
 LASYLDK, downloaded from PepetideAtlas
 LEQEIATYR, downloaded from PepetideAtlas
 NHEEEMNALR, downloaded from PepetideAtlas
 QFTSSSSMK, downloaded from PepetideAtlas
 SEISELR, downloaded from PepetideAtlas
 SEISELRR, downloaded from PepetideAtlas
 TMQNLEIELQSQLSMK, downloaded from PepetideAtlas
 TRLEQEIATYR, downloaded from PepetideAtlas
 VLDELTLAR, downloaded from PepetideAtlas
 VTMQNLNDR, downloaded from PepetideAtlas
 VVSTHEQVLR, downloaded from PepetideAtlas
 YETELNLR, downloaded from PepetideAtlas
done
4: Q96DA0
 downloaded from UniProt
 DRYFYFGK, downloaded from PepetideAtlas
 GMVMYTSK, downloaded from PepetideAtlas
 LGALGGNTQEVTLQPGEYITK, downloaded from PepetideAtlas
 LGDSWDVK, downloaded from PepetideAtlas
 MYGPGGGK, downloaded from PepetideAtlas
 VFVAFQAFLR, downloaded from PepetideAtlas
 VSVGLLLVK, downloaded from PepetideAtlas
 YFSTTEDYDHEITGLR, downloaded from PepetideAtlas
done
5: Q9UBG3
 downloaded from UniProt
 CVTEGQGDR, downloaded from PepetideAtlas
 EFLVLVFK, downloaded from PepetideAtlas
 ELYSYLR, downloaded from PepetideAtlas
 EQGQTQTQPGSGQR, downloaded from PepetideAtlas
 GQNRPGVQTQGQATGSAWVSSYDR, downloaded from PepetideAtlas
 GTEIHGQGR, downloaded from PepetideAtlas
 GTETHGQGR, downloaded from PepetideAtlas
 ISPQIQLSGQTEQTQK, downloaded from PepetideAtlas
 LDQGNLHTSVSSAQGQDAAQSEEK, downloaded from PepetideAtlas
 LLDEDHTGTVEFK, downloaded from PepetideAtlas
 LLEQEFADVIVKPHDPATVDEVLR, downloaded from PepetideAtlas
 MPQLLQNINGIIEAFR, downloaded from PepetideAtlas
 QAESQSQER, downloaded from PepetideAtlas
 QEWSSTHPR, downloaded from PepetideAtlas
 QPTVVGEEWVDDHSR, downloaded from PepetideAtlas
 QTQEATNDQNR, downloaded from PepetideAtlas
 RLLEQEFADVIVKPHDPATVDEVLR, downloaded from PepetideAtlas
 RNQTTEMRPER, downloaded from PepetideAtlas
 SGTEVGR, downloaded from PepetideAtlas
 SQTVSHGGAR, downloaded from PepetideAtlas
 TEGNCTALTR, downloaded from PepetideAtlas
 VAQACFK, downloaded from PepetideAtlas
done
finished.
