Will process 5 protein accession numbers in ids.txt.
Proteome file has 92934 sequences.
Agnostic file refers to 5 proteins.
SRM Atlas file has 34764 proteins.
1: F8VPD4
 downloaded from UniProt
 no SRM Atlas entry for F8VPD4
 AAFALGGLGSGFASNR, downloaded from PepetideAtlas
 EATAGNPGGQTVR, downloaded from PepetideAtlas
 LALGIPLPELR, downloaded from PepetideAtlas
 LSLDDLLQR, downloaded from PepetideAtlas
 MALLATVLGR, downloaded from PepetideAtlas
 SVGEVMGIGR, downloaded from PepetideAtlas
 TLGVDLVALATR, downloaded from PepetideAtlas
 VIMGEEVEPVGLMTGSGVVGVK, downloaded from PepetideAtlas
 VLGTSPEAIDSAENR, downloaded from PepetideAtlas
 VPQFSFSR, downloaded from PepetideAtlas
done
2: K7EN15
 downloaded from UniProt
 no SRM Atlas entry for K7EN15
 AQEENTWFSYLK, downloaded from PepetideAtlas
 AVPWVILSDGDGTVEK, downloaded from PepetideAtlas
done
3: P04406
 downloaded from UniProt
 GALQNIIPASTGAAK, downloaded from PepetideAtlas
 IISNASCTTNCLAPLAK, downloaded from PepetideAtlas
 IKWGDAGAEYVVESTGVFTTMEK, downloaded from PepetideAtlas
 LEKPAKYDDIK, downloaded from PepetideAtlas
 LISWYDNEFGYSNR, downloaded from PepetideAtlas
 LTGMAFR, downloaded from PepetideAtlas
 LVINGNPITIFQER, downloaded from PepetideAtlas
 LVINGNPITIFQERDPSK, downloaded from PepetideAtlas
 RVIISAPSADAPMFVMGVNHEK, downloaded from PepetideAtlas
 VGVNGFGR, downloaded from PepetideAtlas
 VIHDNFGIVEGLMTTVHAITATQK, downloaded from PepetideAtlas
 VIISAPSADAPMFVMGVNHEK, downloaded from PepetideAtlas
 VPTANVSVVDLTCR, downloaded from PepetideAtlas
 VVDLMAHMASK, downloaded from PepetideAtlas
 VVDLMAHMASKE, downloaded from PepetideAtlas
 WGDAGAEYVVESTGVFTTMEK, downloaded from PepetideAtlas
done
4: P30520
 downloaded from UniProt
 AHIVFDFHQAADGIQEQQR, downloaded from PepetideAtlas
 ESMIQLF, downloaded from PepetideAtlas
 FIEDELQIPVK, downloaded from PepetideAtlas
 LDGEIIPHIPANQEVLNK, downloaded from PepetideAtlas
 LDILDMFTEIK, downloaded from PepetideAtlas
 MCDLVSDFDGFSER, downloaded from PepetideAtlas
 VGIGAFPTEQDNEIGELLQTR, downloaded from PepetideAtlas
 VVDLLAQDADIVCR, downloaded from PepetideAtlas
done
5: Q5T5C7
 downloaded from UniProt
 no SRM Atlas entry for Q5T5C7
 EFMPPGLQELIPFVKPAPIEQEPSK, downloaded from PepetideAtlas
 ELVSCSNCTDYQAR, downloaded from PepetideAtlas
 EVMQEVAQLSQFDEELYK, downloaded from PepetideAtlas
 GYIPIYTPFFMR, downloaded from PepetideAtlas
 LLIDEAILK, downloaded from PepetideAtlas
 TICAILENYQTEK, downloaded from PepetideAtlas
 VLDLDLFR, downloaded from PepetideAtlas
 YLIATSEQPIAALHR, downloaded from PepetideAtlas
done
finished.
